[debug] [2025-02-19T10:27:44.209Z] ----------------------------------------------------------------------
[debug] [2025-02-19T10:27:44.217Z] Command:       C:\Program Files\nodejs\node.exe C:\Users\LENOVO\AppData\Roaming\npm\node_modules\firebase-tools\lib\bin\firebase.js init
[debug] [2025-02-19T10:27:44.218Z] CLI Version:   13.31.1
[debug] [2025-02-19T10:27:44.218Z] Platform:      win32
[debug] [2025-02-19T10:27:44.218Z] Node Version:  v22.14.0
[debug] [2025-02-19T10:27:44.219Z] Time:          Wed Feb 19 2025 18:27:44 GMT+0800 (China Standard Time)
[debug] [2025-02-19T10:27:44.219Z] ----------------------------------------------------------------------
[debug] 
[debug] [2025-02-19T10:27:44.657Z] > command requires scopes: ["email","openid","https://www.googleapis.com/auth/cloudplatformprojects.readonly","https://www.googleapis.com/auth/firebase","https://www.googleapis.com/auth/cloud-platform"]
[debug] [2025-02-19T10:27:44.657Z] > authorizing via signed-in user (itsmegino22@gmail.com)
[info] 
     ######## #### ########  ######## ########     ###     ######  ########
     ##        ##  ##     ## ##       ##     ##  ##   ##  ##       ##
     ######    ##  ########  ######   ########  #########  ######  ######
     ##        ##  ##    ##  ##       ##     ## ##     ##       ## ##
     ##       #### ##     ## ######## ########  ##     ##  ######  ########

You're about to initialize a Firebase project in this directory:

  C:\Users\LENOVO\Documents\PERSONAL PROJECTS\simple

Before we get started, keep in mind:

  * You are initializing within an existing Firebase project directory

